mode: set
github.com/huyntsgs/go-rest-api/api/auth_handler.go:14.34,15.30 1 1
github.com/huyntsgs/go-rest-api/api/auth_handler.go:15.30,17.69 2 1
github.com/huyntsgs/go-rest-api/api/auth_handler.go:19.3,21.17 2 1
github.com/huyntsgs/go-rest-api/api/auth_handler.go:40.3,40.18 1 1
github.com/huyntsgs/go-rest-api/api/auth_handler.go:17.69,17.93 1 1
github.com/huyntsgs/go-rest-api/api/auth_handler.go:21.17,22.22 1 1
github.com/huyntsgs/go-rest-api/api/auth_handler.go:36.4,38.10 3 1
github.com/huyntsgs/go-rest-api/api/auth_handler.go:23.30,25.24 2 1
github.com/huyntsgs/go-rest-api/api/auth_handler.go:33.12,34.60 1 0
github.com/huyntsgs/go-rest-api/api/auth_handler.go:26.37,29.12 3 1
github.com/huyntsgs/go-rest-api/api/auth_handler.go:30.13,31.66 1 1
github.com/huyntsgs/go-rest-api/api/auth_handler.go:40.18,45.4 3 1
github.com/huyntsgs/go-rest-api/api/auth_handler.go:45.9,48.4 2 0
github.com/huyntsgs/go-rest-api/api/product_handler.go:20.70,22.2 1 1
github.com/huyntsgs/go-rest-api/api/product_handler.go:26.54,27.30 1 1
github.com/huyntsgs/go-rest-api/api/product_handler.go:27.30,32.33 5 1
github.com/huyntsgs/go-rest-api/api/product_handler.go:40.3,40.33 1 1
github.com/huyntsgs/go-rest-api/api/product_handler.go:49.3,50.18 2 1
github.com/huyntsgs/go-rest-api/api/product_handler.go:32.33,34.18 2 1
github.com/huyntsgs/go-rest-api/api/product_handler.go:34.18,37.5 2 1
github.com/huyntsgs/go-rest-api/api/product_handler.go:40.33,42.18 2 1
github.com/huyntsgs/go-rest-api/api/product_handler.go:42.18,45.5 2 1
github.com/huyntsgs/go-rest-api/api/product_handler.go:50.18,53.4 2 1
github.com/huyntsgs/go-rest-api/api/product_handler.go:53.9,58.4 1 1
github.com/huyntsgs/go-rest-api/api/product_handler.go:64.59,65.30 1 1
github.com/huyntsgs/go-rest-api/api/product_handler.go:65.30,71.17 2 1
github.com/huyntsgs/go-rest-api/api/product_handler.go:77.3,78.18 2 1
github.com/huyntsgs/go-rest-api/api/product_handler.go:71.17,75.4 3 1
github.com/huyntsgs/go-rest-api/api/product_handler.go:78.18,81.4 2 1
github.com/huyntsgs/go-rest-api/api/product_handler.go:81.9,82.22 1 1
github.com/huyntsgs/go-rest-api/api/product_handler.go:82.22,86.5 1 1
github.com/huyntsgs/go-rest-api/api/product_handler.go:86.10,90.5 1 1
github.com/huyntsgs/go-rest-api/api/product_handler.go:97.56,98.30 1 1
github.com/huyntsgs/go-rest-api/api/product_handler.go:98.30,101.17 3 1
github.com/huyntsgs/go-rest-api/api/product_handler.go:107.3,107.26 1 1
github.com/huyntsgs/go-rest-api/api/product_handler.go:112.3,113.18 2 1
github.com/huyntsgs/go-rest-api/api/product_handler.go:119.3,119.18 1 1
github.com/huyntsgs/go-rest-api/api/product_handler.go:101.17,105.4 3 1
github.com/huyntsgs/go-rest-api/api/product_handler.go:107.26,110.4 2 1
github.com/huyntsgs/go-rest-api/api/product_handler.go:113.18,117.4 3 1
github.com/huyntsgs/go-rest-api/api/product_handler.go:119.18,123.4 1 0
github.com/huyntsgs/go-rest-api/api/product_handler.go:123.9,127.4 1 1
github.com/huyntsgs/go-rest-api/api/product_handler.go:133.56,134.30 1 1
github.com/huyntsgs/go-rest-api/api/product_handler.go:134.30,137.17 3 1
github.com/huyntsgs/go-rest-api/api/product_handler.go:143.3,143.32 1 1
github.com/huyntsgs/go-rest-api/api/product_handler.go:148.3,149.18 2 1
github.com/huyntsgs/go-rest-api/api/product_handler.go:137.17,141.4 3 1
github.com/huyntsgs/go-rest-api/api/product_handler.go:143.32,146.4 2 1
github.com/huyntsgs/go-rest-api/api/product_handler.go:149.18,152.4 2 1
github.com/huyntsgs/go-rest-api/api/product_handler.go:152.9,153.17 1 1
github.com/huyntsgs/go-rest-api/api/product_handler.go:153.17,157.5 1 0
github.com/huyntsgs/go-rest-api/api/product_handler.go:157.10,161.5 1 1
github.com/huyntsgs/go-rest-api/api/product_handler.go:168.56,169.30 1 1
github.com/huyntsgs/go-rest-api/api/product_handler.go:169.30,173.17 4 1
github.com/huyntsgs/go-rest-api/api/product_handler.go:178.3,179.18 2 1
github.com/huyntsgs/go-rest-api/api/product_handler.go:173.17,176.4 2 1
github.com/huyntsgs/go-rest-api/api/product_handler.go:179.18,181.4 1 1
github.com/huyntsgs/go-rest-api/api/product_handler.go:181.9,182.17 1 1
github.com/huyntsgs/go-rest-api/api/product_handler.go:182.17,186.5 1 1
github.com/huyntsgs/go-rest-api/api/product_handler.go:186.10,190.5 1 1
github.com/huyntsgs/go-rest-api/api/test_helpers.go:14.64,19.2 2 1
github.com/huyntsgs/go-rest-api/api/test_helpers.go:21.57,29.2 5 1
github.com/huyntsgs/go-rest-api/api/test_helpers.go:34.2,34.15 1 1
github.com/huyntsgs/go-rest-api/api/test_helpers.go:29.2,32.3 2 1
github.com/huyntsgs/go-rest-api/api/test_helpers.go:36.63,42.2 4 1
github.com/huyntsgs/go-rest-api/api/test_helpers.go:48.2,49.2 2 1
github.com/huyntsgs/go-rest-api/api/test_helpers.go:54.2,54.15 1 1
github.com/huyntsgs/go-rest-api/api/test_helpers.go:42.2,46.3 2 1
github.com/huyntsgs/go-rest-api/api/test_helpers.go:49.2,53.3 3 1
github.com/huyntsgs/go-rest-api/api/test_helpers.go:57.97,59.16 2 1
github.com/huyntsgs/go-rest-api/api/test_helpers.go:63.2,64.19 2 1
github.com/huyntsgs/go-rest-api/api/test_helpers.go:76.2,76.17 1 1
github.com/huyntsgs/go-rest-api/api/test_helpers.go:59.16,62.3 2 0
github.com/huyntsgs/go-rest-api/api/test_helpers.go:64.19,70.17 3 1
github.com/huyntsgs/go-rest-api/api/test_helpers.go:74.3,74.51 1 1
github.com/huyntsgs/go-rest-api/api/test_helpers.go:70.17,73.4 2 0
github.com/huyntsgs/go-rest-api/api/user_handler.go:22.60,24.2 1 1
github.com/huyntsgs/go-rest-api/api/user_handler.go:28.46,29.30 1 1
github.com/huyntsgs/go-rest-api/api/user_handler.go:29.30,32.17 3 1
github.com/huyntsgs/go-rest-api/api/user_handler.go:37.3,37.28 1 1
github.com/huyntsgs/go-rest-api/api/user_handler.go:41.3,42.18 2 1
github.com/huyntsgs/go-rest-api/api/user_handler.go:47.3,57.5 4 1
github.com/huyntsgs/go-rest-api/api/user_handler.go:32.17,35.4 2 1
github.com/huyntsgs/go-rest-api/api/user_handler.go:37.28,40.4 2 0
github.com/huyntsgs/go-rest-api/api/user_handler.go:42.18,45.4 2 1
github.com/huyntsgs/go-rest-api/api/user_handler.go:63.49,64.30 1 1
github.com/huyntsgs/go-rest-api/api/user_handler.go:64.30,67.17 3 1
github.com/huyntsgs/go-rest-api/api/user_handler.go:73.3,73.25 1 1
github.com/huyntsgs/go-rest-api/api/user_handler.go:77.3,78.18 2 1
github.com/huyntsgs/go-rest-api/api/user_handler.go:84.3,86.5 1 1
github.com/huyntsgs/go-rest-api/api/user_handler.go:67.17,70.4 2 1
github.com/huyntsgs/go-rest-api/api/user_handler.go:73.25,76.4 2 0
github.com/huyntsgs/go-rest-api/api/user_handler.go:78.18,82.4 3 1
